Using pre-set license
Built from '2020.2/release' branch; Version is '2020.2.1f1 (270dd8c3da1c) revision 2559448'; Using compiler version '192528614'; Build Type 'Release'
OS: 'Windows 10  (10.0.0) 64bit' Language: 'en' Physical Memory: 8156 MB
BatchMode: 1, IsHumanControllingUs: 0, StartBugReporterOnCrash: 0, Is64bit: 1, IsPro: 0

 COMMAND LINE ARGUMENTS:
D:\GAMEDEV\Unity Editor\2020.2.1f1\Editor\Unity.exe
-adb2
-batchMode
-noUpm
-name
AssetImportWorker0
-projectPath
D:/GAMEDEV/AssetProject
-logFile
Logs/AssetImportWorker0.log
-srvPort
59659
Successfully changed project path to: D:/GAMEDEV/AssetProject
D:/GAMEDEV/AssetProject
Using Asset Import Pipeline V2.
Refreshing native plugins compatible for Editor in 24.10 ms, found 0 plugins.
Preloading 0 native plugins for Editor in 0.00 ms.
Initialize engine version: 2020.2.1f1 (270dd8c3da1c)
[Subsystems] Discovering subsystems at path D:/GAMEDEV/Unity Editor/2020.2.1f1/Editor/Data/Resources/UnitySubsystems
[Subsystems] Discovering subsystems at path D:/GAMEDEV/AssetProject/Assets
GfxDevice: creating device client; threaded=0
Direct3D:
    Version:  Direct3D 11.0 [level 11.1]
    Renderer: NVIDIA GeForce GTX 1060 3GB (ID=0x1c02)
    Vendor:   
    VRAM:     2988 MB
    Driver:   27.21.14.6109
Initialize mono
Mono path[0] = 'D:/GAMEDEV/Unity Editor/2020.2.1f1/Editor/Data/Managed'
Mono path[1] = 'D:/GAMEDEV/Unity Editor/2020.2.1f1/Editor/Data/MonoBleedingEdge/lib/mono/unityjit'
Mono config path = 'D:/GAMEDEV/Unity Editor/2020.2.1f1/Editor/Data/MonoBleedingEdge/etc'
Using monoOptions --debugger-agent=transport=dt_socket,embedding=1,server=y,suspend=n,address=127.0.0.1:56484
Begin MonoManager ReloadAssembly
Registering precompiled unity dll's ...
Register platform support module: D:/GAMEDEV/Unity Editor/2020.2.1f1/Editor/Data/PlaybackEngines/WebGLSupport/UnityEditor.WebGL.Extensions.dll
Register platform support module: D:/GAMEDEV/Unity Editor/2020.2.1f1/Editor/Data/PlaybackEngines/WindowsStandaloneSupport/UnityEditor.WindowsStandalone.Extensions.dll
Registered in 0.001572 seconds.
Native extension for WindowsStandalone target not found
Native extension for WebGL target not found
Refreshing native plugins compatible for Editor in 22.85 ms, found 0 plugins.
Preloading 0 native plugins for Editor in 0.00 ms.
Invoked RoslynAnalysisRunner static constructor.
RoslynAnalysisRunner will not be running.
RoslynAnalysisRunner has terminated.
Mono: successfully reloaded assembly
- Completed reload, in  1.720 seconds
Platform modules already initialized, skipping
Registering precompiled user dll's ...
Registered in 0.000665 seconds.
Begin MonoManager ReloadAssembly
Native extension for WindowsStandalone target not found
Native extension for WebGL target not found
Refreshing native plugins compatible for Editor in 0.17 ms, found 0 plugins.
Preloading 0 native plugins for Editor in 0.00 ms.
Invoked RoslynAnalysisRunner static constructor.
RoslynAnalysisRunner will not be running.
RoslynAnalysisRunner has terminated.
Mono: successfully reloaded assembly
- Completed reload, in  0.855 seconds
Platform modules already initialized, skipping
========================================================================
Worker process is ready to serve import requests
Launched and connected shader compiler UnityShaderCompiler.exe after 0.05 seconds
Refreshing native plugins compatible for Editor in 0.20 ms, found 0 plugins.
Preloading 0 native plugins for Editor in 0.00 ms.
Unloading 928 Unused Serialized files (Serialized files now loaded: 0)
System memory in use before: 57.8 MB.
System memory in use after: 57.8 MB.

Unloading 10 unused Assets to reduce memory usage. Loaded Objects now: 1363.
Total: 1.889100 ms (FindLiveObjects: 0.146200 ms CreateObjectMapping: 0.050900 ms MarkObjects: 1.586600 ms  DeleteObjects: 0.104100 ms)

========================================================================
Received Import Request.
  path: Assets/Localization/Core/LocalizedString.cs
  artifactKey: Guid(60c273de0f11e9c4db8525418517903d) Importer(815301076,1909f56bfc062723c751e8b465ee728b)
Start importing Assets/Localization/Core/LocalizedString.cs using Guid(60c273de0f11e9c4db8525418517903d) Importer(815301076,1909f56bfc062723c751e8b465ee728b)  -> (artifact id: 'dc267caa834fe849110e4e9cf2770e5b') in 0.023461 seconds
  Import took 0.025622 seconds .

========================================================================
Received Import Request.
  Time since last request: 1.154621 seconds.
  path: Assets/Localization/Core/LocalizationData.cs
  artifactKey: Guid(a36a163d1dbddb7408538def1db035ae) Importer(815301076,1909f56bfc062723c751e8b465ee728b)
Start importing Assets/Localization/Core/LocalizationData.cs using Guid(a36a163d1dbddb7408538def1db035ae) Importer(815301076,1909f56bfc062723c751e8b465ee728b)  -> (artifact id: '3061acbfd002303ef2b0dbfb9154bc35') in 0.005208 seconds
  Import took 0.007963 seconds .

========================================================================
Received Import Request.
  Time since last request: 4.081342 seconds.
  path: Assets/Localization/Core/LocalizationEditorHelper.cs
  artifactKey: Guid(9b9b1c8a387f384448b761c6be1a6bca) Importer(815301076,1909f56bfc062723c751e8b465ee728b)
Start importing Assets/Localization/Core/LocalizationEditorHelper.cs using Guid(9b9b1c8a387f384448b761c6be1a6bca) Importer(815301076,1909f56bfc062723c751e8b465ee728b)  -> (artifact id: '6cea3c9cf10fbf998de0084a68ca5b97') in 0.005055 seconds
  Import took 0.007435 seconds .

========================================================================
Received Import Request.
  Time since last request: 0.003449 seconds.
  path: Assets/Localization/Core/LocalizationEditorHelper.cs
  artifactKey: Guid(9b9b1c8a387f384448b761c6be1a6bca) Importer(815301076,1909f56bfc062723c751e8b465ee728b)
Start importing Assets/Localization/Core/LocalizationEditorHelper.cs using Guid(9b9b1c8a387f384448b761c6be1a6bca) Importer(815301076,1909f56bfc062723c751e8b465ee728b)  -> (artifact id: '6cea3c9cf10fbf998de0084a68ca5b97') in 0.004850 seconds
  Import took 0.006707 seconds .

========================================================================
Received Import Request.
  Time since last request: 15.997386 seconds.
  path: Assets/Localization/Core/DataFinder.cs
  artifactKey: Guid(1a0e3c20d368cab4eacc36bf24b74f5b) Importer(815301076,1909f56bfc062723c751e8b465ee728b)
Start importing Assets/Localization/Core/DataFinder.cs using Guid(1a0e3c20d368cab4eacc36bf24b74f5b) Importer(815301076,1909f56bfc062723c751e8b465ee728b)  -> (artifact id: 'f4a3c47d402a4edf97004c5ec52806e8') in 0.004769 seconds
  Import took 0.018557 seconds .

========================================================================
Received Import Request.
  Time since last request: 0.437398 seconds.
  path: Assets/Localization/Core/Exceptions.cs
  artifactKey: Guid(b001727e1d2726e4abfab5a9874ac4a3) Importer(815301076,1909f56bfc062723c751e8b465ee728b)
Start importing Assets/Localization/Core/Exceptions.cs using Guid(b001727e1d2726e4abfab5a9874ac4a3) Importer(815301076,1909f56bfc062723c751e8b465ee728b)  -> (artifact id: 'b6c51626ccb0d48e7d78ed53b4443822') in 0.004003 seconds
  Import took 0.017275 seconds .

========================================================================
Received Import Request.
  Time since last request: 10.002102 seconds.
  path: Assets/Localization/Editor/LozalizedStringDrawer.cs
  artifactKey: Guid(2252d21723278674e80ab873177d1764) Importer(815301076,1909f56bfc062723c751e8b465ee728b)
Start importing Assets/Localization/Editor/LozalizedStringDrawer.cs using Guid(2252d21723278674e80ab873177d1764) Importer(815301076,1909f56bfc062723c751e8b465ee728b)  -> (artifact id: '0cd2d50aad7d6f29e9307d7dccad98c6') in 0.005451 seconds
  Import took 0.018966 seconds .

========================================================================
Received Prepare
Registering precompiled user dll's ...
Registered in 0.000640 seconds.
Begin MonoManager ReloadAssembly
Native extension for WindowsStandalone target not found
Native extension for WebGL target not found
Refreshing native plugins compatible for Editor in 0.17 ms, found 0 plugins.
Preloading 0 native plugins for Editor in 0.00 ms.
Invoked RoslynAnalysisRunner static constructor.
RoslynAnalysisRunner will not be running.
RoslynAnalysisRunner has terminated.
Mono: successfully reloaded assembly
- Completed reload, in  0.792 seconds
Platform modules already initialized, skipping
Refreshing native plugins compatible for Editor in 0.17 ms, found 0 plugins.
Preloading 0 native plugins for Editor in 0.00 ms.
Unloading 921 Unused Serialized files (Serialized files now loaded: 0)
System memory in use before: 57.7 MB.
System memory in use after: 57.8 MB.

Unloading 7 unused Assets to reduce memory usage. Loaded Objects now: 1364.
Total: 1.569300 ms (FindLiveObjects: 0.114900 ms CreateObjectMapping: 0.033200 ms MarkObjects: 1.363500 ms  DeleteObjects: 0.056600 ms)

========================================================================
Received Import Request.
  Time since last request: 67.843335 seconds.
  path: Assets/Localization/LocalizationManager.cs
  artifactKey: Guid(d2547b0ec22746746908fce147661eac) Importer(815301076,1909f56bfc062723c751e8b465ee728b)
Start importing Assets/Localization/LocalizationManager.cs using Guid(d2547b0ec22746746908fce147661eac) Importer(815301076,1909f56bfc062723c751e8b465ee728b)  -> (artifact id: 'c1182ae6b56ae8fde7f25a85107d67c4') in 0.006335 seconds
  Import took 0.020127 seconds .

========================================================================
Received Import Request.
  Time since last request: 0.023456 seconds.
  path: Assets/Localization/LocalizationManager.cs
  artifactKey: Guid(d2547b0ec22746746908fce147661eac) Importer(815301076,1909f56bfc062723c751e8b465ee728b)
Start importing Assets/Localization/LocalizationManager.cs using Guid(d2547b0ec22746746908fce147661eac) Importer(815301076,1909f56bfc062723c751e8b465ee728b)  -> (artifact id: 'c1182ae6b56ae8fde7f25a85107d67c4') in 0.004796 seconds
  Import took 0.006836 seconds .

========================================================================
Received Import Request.
  Time since last request: 0.754086 seconds.
  path: Assets/Localization/LocalizationText.cs
  artifactKey: Guid(8539bfb61d3fdd34bb92ac218041a3bb) Importer(815301076,1909f56bfc062723c751e8b465ee728b)
Start importing Assets/Localization/LocalizationText.cs using Guid(8539bfb61d3fdd34bb92ac218041a3bb) Importer(815301076,1909f56bfc062723c751e8b465ee728b)  -> (artifact id: 'bdc000b9ef9c07dc6f77dea0979a0675') in 0.015253 seconds
  Import took 0.017787 seconds .

========================================================================
Received Prepare
Registering precompiled user dll's ...
Registered in 0.000599 seconds.
Begin MonoManager ReloadAssembly
Native extension for WindowsStandalone target not found
Native extension for WebGL target not found
Refreshing native plugins compatible for Editor in 0.19 ms, found 0 plugins.
Preloading 0 native plugins for Editor in 0.00 ms.
Invoked RoslynAnalysisRunner static constructor.
RoslynAnalysisRunner will not be running.
RoslynAnalysisRunner has terminated.
Mono: successfully reloaded assembly
- Completed reload, in  1.468 seconds
Platform modules already initialized, skipping
Refreshing native plugins compatible for Editor in 0.20 ms, found 0 plugins.
Preloading 0 native plugins for Editor in 0.00 ms.
Unloading 921 Unused Serialized files (Serialized files now loaded: 0)
System memory in use before: 57.8 MB.
System memory in use after: 57.9 MB.

Unloading 6 unused Assets to reduce memory usage. Loaded Objects now: 1366.
Total: 1.862100 ms (FindLiveObjects: 0.117800 ms CreateObjectMapping: 0.033900 ms MarkObjects: 1.652300 ms  DeleteObjects: 0.057000 ms)

========================================================================
Received Import Request.
  Time since last request: 116.662569 seconds.
  path: Assets/Localization/LocalizeUIText.cs
  artifactKey: Guid(8539bfb61d3fdd34bb92ac218041a3bb) Importer(815301076,1909f56bfc062723c751e8b465ee728b)
Start importing Assets/Localization/LocalizeUIText.cs using Guid(8539bfb61d3fdd34bb92ac218041a3bb) Importer(815301076,1909f56bfc062723c751e8b465ee728b)  -> (artifact id: '6523b9eb764f6f437259277547f75efa') in 0.005110 seconds
  Import took 0.007793 seconds .

========================================================================
Received Prepare
Registering precompiled user dll's ...
Registered in 0.000635 seconds.
Begin MonoManager ReloadAssembly
Native extension for WindowsStandalone target not found
Native extension for WebGL target not found
Refreshing native plugins compatible for Editor in 0.17 ms, found 0 plugins.
Preloading 0 native plugins for Editor in 0.00 ms.
Invoked RoslynAnalysisRunner static constructor.
RoslynAnalysisRunner will not be running.
RoslynAnalysisRunner has terminated.
Mono: successfully reloaded assembly
- Completed reload, in  0.788 seconds
Platform modules already initialized, skipping
Refreshing native plugins compatible for Editor in 0.17 ms, found 0 plugins.
Preloading 0 native plugins for Editor in 0.00 ms.
Unloading 921 Unused Serialized files (Serialized files now loaded: 0)
System memory in use before: 57.9 MB.
System memory in use after: 57.9 MB.

Unloading 6 unused Assets to reduce memory usage. Loaded Objects now: 1368.
Total: 1.569500 ms (FindLiveObjects: 0.130000 ms CreateObjectMapping: 0.035700 ms MarkObjects: 1.351500 ms  DeleteObjects: 0.051300 ms)

========================================================================
Received Import Request.
  Time since last request: 279.322922 seconds.
  path: Assets/Localization/LocalizationManager.cs
  artifactKey: Guid(d2547b0ec22746746908fce147661eac) Importer(815301076,1909f56bfc062723c751e8b465ee728b)
Start importing Assets/Localization/LocalizationManager.cs using Guid(d2547b0ec22746746908fce147661eac) Importer(815301076,1909f56bfc062723c751e8b465ee728b)  -> (artifact id: 'dd775970f8dbec8795d5cecbb3d0d56e') in 0.005691 seconds
  Import took 0.007657 seconds .

========================================================================
Received Import Request.
  Time since last request: 0.003136 seconds.
  path: Assets/Localization/LocalizationManager.cs
  artifactKey: Guid(d2547b0ec22746746908fce147661eac) Importer(815301076,1909f56bfc062723c751e8b465ee728b)
Start importing Assets/Localization/LocalizationManager.cs using Guid(d2547b0ec22746746908fce147661eac) Importer(815301076,1909f56bfc062723c751e8b465ee728b)  -> (artifact id: 'dd775970f8dbec8795d5cecbb3d0d56e') in 0.003570 seconds
  Import took 0.005268 seconds .

========================================================================
Received Prepare
Registering precompiled user dll's ...
Registered in 0.000633 seconds.
Begin MonoManager ReloadAssembly
Native extension for WindowsStandalone target not found
Native extension for WebGL target not found
Refreshing native plugins compatible for Editor in 0.18 ms, found 0 plugins.
Preloading 0 native plugins for Editor in 0.00 ms.
Invoked RoslynAnalysisRunner static constructor.
RoslynAnalysisRunner will not be running.
RoslynAnalysisRunner has terminated.
Mono: successfully reloaded assembly
- Completed reload, in  0.782 seconds
Platform modules already initialized, skipping
Refreshing native plugins compatible for Editor in 0.17 ms, found 0 plugins.
Preloading 0 native plugins for Editor in 0.00 ms.
Unloading 921 Unused Serialized files (Serialized files now loaded: 0)
System memory in use before: 57.9 MB.
System memory in use after: 58.0 MB.

Unloading 6 unused Assets to reduce memory usage. Loaded Objects now: 1370.
Total: 1.630600 ms (FindLiveObjects: 0.151600 ms CreateObjectMapping: 0.036800 ms MarkObjects: 1.319100 ms  DeleteObjects: 0.122000 ms)

========================================================================
Received Prepare
Registering precompiled user dll's ...
Registered in 0.000605 seconds.
Begin MonoManager ReloadAssembly
Native extension for WindowsStandalone target not found
Native extension for WebGL target not found
Refreshing native plugins compatible for Editor in 0.18 ms, found 0 plugins.
Preloading 0 native plugins for Editor in 0.00 ms.
Invoked RoslynAnalysisRunner static constructor.
RoslynAnalysisRunner will not be running.
RoslynAnalysisRunner has terminated.
Mono: successfully reloaded assembly
- Completed reload, in  0.792 seconds
Platform modules already initialized, skipping
Refreshing native plugins compatible for Editor in 0.19 ms, found 0 plugins.
Preloading 0 native plugins for Editor in 0.00 ms.
Unloading 921 Unused Serialized files (Serialized files now loaded: 0)
System memory in use before: 58.0 MB.
System memory in use after: 58.1 MB.

Unloading 6 unused Assets to reduce memory usage. Loaded Objects now: 1372.
Total: 1.576700 ms (FindLiveObjects: 0.113900 ms CreateObjectMapping: 0.031400 ms MarkObjects: 1.376400 ms  DeleteObjects: 0.053900 ms)

========================================================================
Received Prepare
Registering precompiled user dll's ...
Registered in 0.000595 seconds.
Begin MonoManager ReloadAssembly
Native extension for WindowsStandalone target not found
Native extension for WebGL target not found
Refreshing native plugins compatible for Editor in 0.17 ms, found 0 plugins.
Preloading 0 native plugins for Editor in 0.00 ms.
Invoked RoslynAnalysisRunner static constructor.
RoslynAnalysisRunner will not be running.
RoslynAnalysisRunner has terminated.
Mono: successfully reloaded assembly
- Completed reload, in  0.793 seconds
Platform modules already initialized, skipping
Refreshing native plugins compatible for Editor in 0.31 ms, found 0 plugins.
Preloading 0 native plugins for Editor in 0.00 ms.
Unloading 921 Unused Serialized files (Serialized files now loaded: 0)
System memory in use before: 58.1 MB.
System memory in use after: 58.1 MB.

Unloading 6 unused Assets to reduce memory usage. Loaded Objects now: 1374.
Total: 1.673400 ms (FindLiveObjects: 0.175100 ms CreateObjectMapping: 0.038600 ms MarkObjects: 1.366600 ms  DeleteObjects: 0.091800 ms)

========================================================================
Received Prepare
Registering precompiled user dll's ...
Registered in 0.000593 seconds.
Begin MonoManager ReloadAssembly
Native extension for WindowsStandalone target not found
Native extension for WebGL target not found
Refreshing native plugins compatible for Editor in 0.17 ms, found 0 plugins.
Preloading 0 native plugins for Editor in 0.00 ms.
Invoked RoslynAnalysisRunner static constructor.
RoslynAnalysisRunner will not be running.
RoslynAnalysisRunner has terminated.
Mono: successfully reloaded assembly
- Completed reload, in  0.788 seconds
Platform modules already initialized, skipping
Refreshing native plugins compatible for Editor in 0.17 ms, found 0 plugins.
Preloading 0 native plugins for Editor in 0.00 ms.
Unloading 921 Unused Serialized files (Serialized files now loaded: 0)
System memory in use before: 58.1 MB.
System memory in use after: 58.2 MB.

Unloading 6 unused Assets to reduce memory usage. Loaded Objects now: 1376.
Total: 1.622700 ms (FindLiveObjects: 0.130400 ms CreateObjectMapping: 0.031300 ms MarkObjects: 1.379900 ms  DeleteObjects: 0.080200 ms)

========================================================================
Received Import Request.
  Time since last request: 621.155134 seconds.
  path: Assets/Localization/LocalizationManager.cs
  artifactKey: Guid(d2547b0ec22746746908fce147661eac) Importer(815301076,1909f56bfc062723c751e8b465ee728b)
Start importing Assets/Localization/LocalizationManager.cs using Guid(d2547b0ec22746746908fce147661eac) Importer(815301076,1909f56bfc062723c751e8b465ee728b)  -> (artifact id: 'e42f96a6b66bd4533f236f905639cb01') in 0.004610 seconds
  Import took 0.018111 seconds .

========================================================================
Received Import Request.
  Time since last request: 0.019480 seconds.
  path: Assets/Localization/LocalizationManager.cs
  artifactKey: Guid(d2547b0ec22746746908fce147661eac) Importer(815301076,1909f56bfc062723c751e8b465ee728b)
Start importing Assets/Localization/LocalizationManager.cs using Guid(d2547b0ec22746746908fce147661eac) Importer(815301076,1909f56bfc062723c751e8b465ee728b)  -> (artifact id: 'e42f96a6b66bd4533f236f905639cb01') in 0.003961 seconds
  Import took 0.005969 seconds .

========================================================================
Received Prepare
Registering precompiled user dll's ...
Registered in 0.000638 seconds.
Begin MonoManager ReloadAssembly
Native extension for WindowsStandalone target not found
Native extension for WebGL target not found
Refreshing native plugins compatible for Editor in 0.17 ms, found 0 plugins.
Preloading 0 native plugins for Editor in 0.00 ms.
Invoked RoslynAnalysisRunner static constructor.
RoslynAnalysisRunner will not be running.
RoslynAnalysisRunner has terminated.
Mono: successfully reloaded assembly
- Completed reload, in  0.852 seconds
Platform modules already initialized, skipping
Refreshing native plugins compatible for Editor in 0.18 ms, found 0 plugins.
Preloading 0 native plugins for Editor in 0.00 ms.
Unloading 921 Unused Serialized files (Serialized files now loaded: 0)
System memory in use before: 58.2 MB.
System memory in use after: 58.3 MB.

Unloading 6 unused Assets to reduce memory usage. Loaded Objects now: 1378.
Total: 2.547100 ms (FindLiveObjects: 0.203800 ms CreateObjectMapping: 0.138100 ms MarkObjects: 2.097800 ms  DeleteObjects: 0.105600 ms)

========================================================================
Received Import Request.
  Time since last request: 548.935829 seconds.
  path: Assets/Localization/LocalizationManager.cs
  artifactKey: Guid(d2547b0ec22746746908fce147661eac) Importer(815301076,1909f56bfc062723c751e8b465ee728b)
Start importing Assets/Localization/LocalizationManager.cs using Guid(d2547b0ec22746746908fce147661eac) Importer(815301076,1909f56bfc062723c751e8b465ee728b)  -> (artifact id: '7597019fde50879f29bbec94325f8302') in 0.005691 seconds
  Import took 0.019949 seconds .

========================================================================
Received Import Request.
  Time since last request: 0.027247 seconds.
  path: Assets/Localization/LocalizationManager.cs
  artifactKey: Guid(d2547b0ec22746746908fce147661eac) Importer(815301076,1909f56bfc062723c751e8b465ee728b)
Start importing Assets/Localization/LocalizationManager.cs using Guid(d2547b0ec22746746908fce147661eac) Importer(815301076,1909f56bfc062723c751e8b465ee728b)  -> (artifact id: '7597019fde50879f29bbec94325f8302') in 0.004542 seconds
  Import took 0.006780 seconds .

========================================================================
Received Prepare
Registering precompiled user dll's ...
Registered in 0.000625 seconds.
Begin MonoManager ReloadAssembly
Native extension for WindowsStandalone target not found
Native extension for WebGL target not found
Refreshing native plugins compatible for Editor in 0.17 ms, found 0 plugins.
Preloading 0 native plugins for Editor in 0.00 ms.
Invoked RoslynAnalysisRunner static constructor.
RoslynAnalysisRunner will not be running.
RoslynAnalysisRunner has terminated.
Mono: successfully reloaded assembly
- Completed reload, in  0.902 seconds
Platform modules already initialized, skipping
Refreshing native plugins compatible for Editor in 0.21 ms, found 0 plugins.
Preloading 0 native plugins for Editor in 0.00 ms.
Unloading 921 Unused Serialized files (Serialized files now loaded: 0)
System memory in use before: 58.3 MB.
System memory in use after: 58.3 MB.

Unloading 6 unused Assets to reduce memory usage. Loaded Objects now: 1380.
Total: 2.003900 ms (FindLiveObjects: 0.115800 ms CreateObjectMapping: 0.031500 ms MarkObjects: 1.766300 ms  DeleteObjects: 0.089100 ms)

========================================================================
Received Prepare
Registering precompiled user dll's ...
Registered in 0.000637 seconds.
Begin MonoManager ReloadAssembly
Native extension for WindowsStandalone target not found
Native extension for WebGL target not found
Refreshing native plugins compatible for Editor in 0.18 ms, found 0 plugins.
Preloading 0 native plugins for Editor in 0.00 ms.
Invoked RoslynAnalysisRunner static constructor.
RoslynAnalysisRunner will not be running.
RoslynAnalysisRunner has terminated.
Mono: successfully reloaded assembly
- Completed reload, in  1.152 seconds
Platform modules already initialized, skipping
Refreshing native plugins compatible for Editor in 0.19 ms, found 0 plugins.
Preloading 0 native plugins for Editor in 0.00 ms.
Unloading 921 Unused Serialized files (Serialized files now loaded: 0)
System memory in use before: 58.4 MB.
System memory in use after: 58.4 MB.

Unloading 6 unused Assets to reduce memory usage. Loaded Objects now: 1382.
Total: 3.707600 ms (FindLiveObjects: 0.276500 ms CreateObjectMapping: 0.070200 ms MarkObjects: 3.183300 ms  DeleteObjects: 0.173500 ms)

========================================================================
Received Prepare
Registering precompiled user dll's ...
Registered in 0.001131 seconds.
Begin MonoManager ReloadAssembly
Native extension for WindowsStandalone target not found
Native extension for WebGL target not found
Refreshing native plugins compatible for Editor in 0.17 ms, found 0 plugins.
Preloading 0 native plugins for Editor in 0.00 ms.
Invoked RoslynAnalysisRunner static constructor.
RoslynAnalysisRunner will not be running.
RoslynAnalysisRunner has terminated.
Mono: successfully reloaded assembly
- Completed reload, in  0.881 seconds
Platform modules already initialized, skipping
Refreshing native plugins compatible for Editor in 0.17 ms, found 0 plugins.
Preloading 0 native plugins for Editor in 0.00 ms.
Unloading 921 Unused Serialized files (Serialized files now loaded: 0)
System memory in use before: 58.4 MB.
System memory in use after: 58.5 MB.

Unloading 6 unused Assets to reduce memory usage. Loaded Objects now: 1384.
Total: 1.765000 ms (FindLiveObjects: 0.167000 ms CreateObjectMapping: 0.032100 ms MarkObjects: 1.466600 ms  DeleteObjects: 0.098100 ms)

========================================================================
Received Prepare
Registering precompiled user dll's ...
Registered in 0.000586 seconds.
Begin MonoManager ReloadAssembly
Native extension for WindowsStandalone target not found
Native extension for WebGL target not found
Refreshing native plugins compatible for Editor in 0.21 ms, found 0 plugins.
Preloading 0 native plugins for Editor in 0.00 ms.
Invoked RoslynAnalysisRunner static constructor.
RoslynAnalysisRunner will not be running.
RoslynAnalysisRunner has terminated.
Mono: successfully reloaded assembly
- Completed reload, in  0.863 seconds
Platform modules already initialized, skipping
Refreshing native plugins compatible for Editor in 0.17 ms, found 0 plugins.
Preloading 0 native plugins for Editor in 0.00 ms.
Unloading 921 Unused Serialized files (Serialized files now loaded: 0)
System memory in use before: 58.5 MB.
System memory in use after: 58.5 MB.

Unloading 6 unused Assets to reduce memory usage. Loaded Objects now: 1386.
Total: 1.475800 ms (FindLiveObjects: 0.162000 ms CreateObjectMapping: 0.037000 ms MarkObjects: 1.222600 ms  DeleteObjects: 0.051900 ms)

========================================================================
Received Prepare
Registering precompiled user dll's ...
Registered in 0.000706 seconds.
Begin MonoManager ReloadAssembly
Native extension for WindowsStandalone target not found
Native extension for WebGL target not found
Refreshing native plugins compatible for Editor in 0.17 ms, found 0 plugins.
Preloading 0 native plugins for Editor in 0.00 ms.
Invoked RoslynAnalysisRunner static constructor.
RoslynAnalysisRunner will not be running.
RoslynAnalysisRunner has terminated.
Mono: successfully reloaded assembly
- Completed reload, in  0.878 seconds
Platform modules already initialized, skipping
Refreshing native plugins compatible for Editor in 0.22 ms, found 0 plugins.
Preloading 0 native plugins for Editor in 0.00 ms.
Unloading 921 Unused Serialized files (Serialized files now loaded: 0)
System memory in use before: 58.5 MB.
System memory in use after: 58.6 MB.

Unloading 6 unused Assets to reduce memory usage. Loaded Objects now: 1388.
Total: 1.731400 ms (FindLiveObjects: 0.125500 ms CreateObjectMapping: 0.036600 ms MarkObjects: 1.505400 ms  DeleteObjects: 0.062500 ms)

========================================================================
Received Prepare
Registering precompiled user dll's ...
Registered in 0.000667 seconds.
Begin MonoManager ReloadAssembly
Native extension for WindowsStandalone target not found
Native extension for WebGL target not found
Refreshing native plugins compatible for Editor in 0.17 ms, found 0 plugins.
Preloading 0 native plugins for Editor in 0.00 ms.
Invoked RoslynAnalysisRunner static constructor.
RoslynAnalysisRunner will not be running.
RoslynAnalysisRunner has terminated.
Mono: successfully reloaded assembly
- Completed reload, in  0.881 seconds
Platform modules already initialized, skipping
Refreshing native plugins compatible for Editor in 0.31 ms, found 0 plugins.
Preloading 0 native plugins for Editor in 0.00 ms.
Unloading 921 Unused Serialized files (Serialized files now loaded: 0)
System memory in use before: 58.6 MB.
System memory in use after: 58.7 MB.

Unloading 6 unused Assets to reduce memory usage. Loaded Objects now: 1390.
Total: 1.970600 ms (FindLiveObjects: 0.183100 ms CreateObjectMapping: 0.046200 ms MarkObjects: 1.684100 ms  DeleteObjects: 0.055900 ms)

========================================================================
Received Prepare
Registering precompiled user dll's ...
Registered in 0.001777 seconds.
Begin MonoManager ReloadAssembly
Native extension for WindowsStandalone target not found
Native extension for WebGL target not found
Refreshing native plugins compatible for Editor in 0.19 ms, found 0 plugins.
Preloading 0 native plugins for Editor in 0.00 ms.
Invoked RoslynAnalysisRunner static constructor.
RoslynAnalysisRunner will not be running.
RoslynAnalysisRunner has terminated.
Mono: successfully reloaded assembly
- Completed reload, in  0.881 seconds
Platform modules already initialized, skipping
Refreshing native plugins compatible for Editor in 0.17 ms, found 0 plugins.
Preloading 0 native plugins for Editor in 0.00 ms.
Unloading 921 Unused Serialized files (Serialized files now loaded: 0)
System memory in use before: 58.6 MB.
System memory in use after: 58.7 MB.

Unloading 6 unused Assets to reduce memory usage. Loaded Objects now: 1392.
Total: 1.551600 ms (FindLiveObjects: 0.142500 ms CreateObjectMapping: 0.034900 ms MarkObjects: 1.284800 ms  DeleteObjects: 0.088100 ms)

========================================================================
Received Prepare
Registering precompiled user dll's ...
Registered in 0.000829 seconds.
Begin MonoManager ReloadAssembly
Native extension for WindowsStandalone target not found
Native extension for WebGL target not found
Refreshing native plugins compatible for Editor in 0.24 ms, found 0 plugins.
Preloading 0 native plugins for Editor in 0.00 ms.
Invoked RoslynAnalysisRunner static constructor.
RoslynAnalysisRunner will not be running.
RoslynAnalysisRunner has terminated.
Mono: successfully reloaded assembly
- Completed reload, in  0.876 seconds
Platform modules already initialized, skipping
Refreshing native plugins compatible for Editor in 0.35 ms, found 0 plugins.
Preloading 0 native plugins for Editor in 0.00 ms.
Unloading 921 Unused Serialized files (Serialized files now loaded: 0)
System memory in use before: 58.7 MB.
System memory in use after: 58.7 MB.

Unloading 6 unused Assets to reduce memory usage. Loaded Objects now: 1394.
Total: 1.473600 ms (FindLiveObjects: 0.132000 ms CreateObjectMapping: 0.036900 ms MarkObjects: 1.249800 ms  DeleteObjects: 0.053800 ms)

========================================================================
Received Prepare
Registering precompiled user dll's ...
Registered in 0.000687 seconds.
Begin MonoManager ReloadAssembly
Native extension for WindowsStandalone target not found
Native extension for WebGL target not found
Refreshing native plugins compatible for Editor in 0.20 ms, found 0 plugins.
Preloading 0 native plugins for Editor in 0.00 ms.
Invoked RoslynAnalysisRunner static constructor.
RoslynAnalysisRunner will not be running.
RoslynAnalysisRunner has terminated.
Mono: successfully reloaded assembly
- Completed reload, in  0.878 seconds
Platform modules already initialized, skipping
Refreshing native plugins compatible for Editor in 0.18 ms, found 0 plugins.
Preloading 0 native plugins for Editor in 0.00 ms.
Unloading 921 Unused Serialized files (Serialized files now loaded: 0)
System memory in use before: 58.8 MB.
System memory in use after: 58.8 MB.

Unloading 6 unused Assets to reduce memory usage. Loaded Objects now: 1396.
Total: 1.636300 ms (FindLiveObjects: 0.134100 ms CreateObjectMapping: 0.037400 ms MarkObjects: 1.403600 ms  DeleteObjects: 0.059600 ms)

========================================================================
Received Import Request.
  Time since last request: 1155.318618 seconds.
  path: Assets/Localization/Core/Exceptions.cs
  artifactKey: Guid(b001727e1d2726e4abfab5a9874ac4a3) Importer(815301076,1909f56bfc062723c751e8b465ee728b)
Start importing Assets/Localization/Core/Exceptions.cs using Guid(b001727e1d2726e4abfab5a9874ac4a3) Importer(815301076,1909f56bfc062723c751e8b465ee728b)  -> (artifact id: '8c0566893e70f9639c1ff3d662d2b063') in 0.005125 seconds
  Import took 0.007015 seconds .

========================================================================
Received Import Request.
  Time since last request: 0.072858 seconds.
  path: Assets/Localization/Core/DataFinder.cs
  artifactKey: Guid(1a0e3c20d368cab4eacc36bf24b74f5b) Importer(815301076,1909f56bfc062723c751e8b465ee728b)
Start importing Assets/Localization/Core/DataFinder.cs using Guid(1a0e3c20d368cab4eacc36bf24b74f5b) Importer(815301076,1909f56bfc062723c751e8b465ee728b)  -> (artifact id: 'e36f568ca8e805c80a6d7c5f8af56d17') in 0.005776 seconds
  Import took 0.010846 seconds .

========================================================================
Received Import Request.
  Time since last request: 0.025890 seconds.
  path: Assets/Localization/Core/DataFinder.cs
  artifactKey: Guid(1a0e3c20d368cab4eacc36bf24b74f5b) Importer(815301076,1909f56bfc062723c751e8b465ee728b)
Start importing Assets/Localization/Core/DataFinder.cs using Guid(1a0e3c20d368cab4eacc36bf24b74f5b) Importer(815301076,1909f56bfc062723c751e8b465ee728b)  -> (artifact id: 'e36f568ca8e805c80a6d7c5f8af56d17') in 0.004987 seconds
  Import took 0.007051 seconds .

========================================================================
Received Prepare
Registering precompiled user dll's ...
Registered in 0.000643 seconds.
Begin MonoManager ReloadAssembly
Native extension for WindowsStandalone target not found
Native extension for WebGL target not found
Refreshing native plugins compatible for Editor in 0.17 ms, found 0 plugins.
Preloading 0 native plugins for Editor in 0.00 ms.
Invoked RoslynAnalysisRunner static constructor.
RoslynAnalysisRunner will not be running.
RoslynAnalysisRunner has terminated.
Mono: successfully reloaded assembly
- Completed reload, in  0.877 seconds
Platform modules already initialized, skipping
Refreshing native plugins compatible for Editor in 0.17 ms, found 0 plugins.
Preloading 0 native plugins for Editor in 0.00 ms.
Unloading 921 Unused Serialized files (Serialized files now loaded: 0)
System memory in use before: 58.8 MB.
System memory in use after: 58.9 MB.

Unloading 6 unused Assets to reduce memory usage. Loaded Objects now: 1398.
Total: 2.662700 ms (FindLiveObjects: 0.228500 ms CreateObjectMapping: 0.059800 ms MarkObjects: 2.252300 ms  DeleteObjects: 0.120100 ms)

========================================================================
Received Prepare
Registering precompiled user dll's ...
Registered in 0.000952 seconds.
Begin MonoManager ReloadAssembly
Native extension for WindowsStandalone target not found
Native extension for WebGL target not found
Refreshing native plugins compatible for Editor in 0.32 ms, found 0 plugins.
Preloading 0 native plugins for Editor in 0.00 ms.
Invoked RoslynAnalysisRunner static constructor.
RoslynAnalysisRunner will not be running.
RoslynAnalysisRunner has terminated.
Mono: successfully reloaded assembly
- Completed reload, in  0.879 seconds
Platform modules already initialized, skipping
Refreshing native plugins compatible for Editor in 0.19 ms, found 0 plugins.
Preloading 0 native plugins for Editor in 0.00 ms.
Unloading 921 Unused Serialized files (Serialized files now loaded: 0)
System memory in use before: 58.9 MB.
System memory in use after: 58.9 MB.

Unloading 6 unused Assets to reduce memory usage. Loaded Objects now: 1400.
Total: 1.690300 ms (FindLiveObjects: 0.122400 ms CreateObjectMapping: 0.061200 ms MarkObjects: 1.417100 ms  DeleteObjects: 0.088300 ms)

========================================================================
Received Prepare
Registering precompiled user dll's ...
Registered in 0.000652 seconds.
Begin MonoManager ReloadAssembly
Native extension for WindowsStandalone target not found
Native extension for WebGL target not found
Refreshing native plugins compatible for Editor in 0.17 ms, found 0 plugins.
Preloading 0 native plugins for Editor in 0.00 ms.
Invoked RoslynAnalysisRunner static constructor.
RoslynAnalysisRunner will not be running.
RoslynAnalysisRunner has terminated.
Mono: successfully reloaded assembly
- Completed reload, in  0.890 seconds
Platform modules already initialized, skipping
Refreshing native plugins compatible for Editor in 0.26 ms, found 0 plugins.
Preloading 0 native plugins for Editor in 0.00 ms.
Unloading 921 Unused Serialized files (Serialized files now loaded: 0)
System memory in use before: 59.0 MB.
System memory in use after: 59.0 MB.

Unloading 6 unused Assets to reduce memory usage. Loaded Objects now: 1402.
Total: 2.867500 ms (FindLiveObjects: 0.204800 ms CreateObjectMapping: 0.062100 ms MarkObjects: 2.517100 ms  DeleteObjects: 0.081800 ms)

========================================================================
Received Prepare
Registering precompiled user dll's ...
Registered in 0.000665 seconds.
Begin MonoManager ReloadAssembly
Native extension for WindowsStandalone target not found
Native extension for WebGL target not found
Refreshing native plugins compatible for Editor in 0.17 ms, found 0 plugins.
Preloading 0 native plugins for Editor in 0.00 ms.
Invoked RoslynAnalysisRunner static constructor.
RoslynAnalysisRunner will not be running.
RoslynAnalysisRunner has terminated.
Mono: successfully reloaded assembly
- Completed reload, in  0.891 seconds
Platform modules already initialized, skipping
Refreshing native plugins compatible for Editor in 0.45 ms, found 0 plugins.
Preloading 0 native plugins for Editor in 0.00 ms.
Unloading 921 Unused Serialized files (Serialized files now loaded: 0)
System memory in use before: 59.0 MB.
System memory in use after: 59.1 MB.

Unloading 6 unused Assets to reduce memory usage. Loaded Objects now: 1404.
Total: 1.581000 ms (FindLiveObjects: 0.200400 ms CreateObjectMapping: 0.032000 ms MarkObjects: 1.246200 ms  DeleteObjects: 0.088500 ms)

========================================================================
Received Prepare
Registering precompiled user dll's ...
Registered in 0.000772 seconds.
Begin MonoManager ReloadAssembly
Native extension for WindowsStandalone target not found
Native extension for WebGL target not found
Refreshing native plugins compatible for Editor in 0.17 ms, found 0 plugins.
Preloading 0 native plugins for Editor in 0.00 ms.
Invoked RoslynAnalysisRunner static constructor.
RoslynAnalysisRunner will not be running.
RoslynAnalysisRunner has terminated.
Mono: successfully reloaded assembly
- Completed reload, in  0.889 seconds
Platform modules already initialized, skipping
Refreshing native plugins compatible for Editor in 0.24 ms, found 0 plugins.
Preloading 0 native plugins for Editor in 0.00 ms.
Unloading 921 Unused Serialized files (Serialized files now loaded: 0)
System memory in use before: 59.1 MB.
System memory in use after: 59.1 MB.

Unloading 6 unused Assets to reduce memory usage. Loaded Objects now: 1406.
Total: 2.173500 ms (FindLiveObjects: 0.207100 ms CreateObjectMapping: 0.058500 ms MarkObjects: 1.835600 ms  DeleteObjects: 0.070400 ms)

========================================================================
Received Import Request.
  Time since last request: 683.148093 seconds.
  path: Assets/Localization/Core/DataFinder.cs
  artifactKey: Guid(1a0e3c20d368cab4eacc36bf24b74f5b) Importer(815301076,1909f56bfc062723c751e8b465ee728b)
Start importing Assets/Localization/Core/DataFinder.cs using Guid(1a0e3c20d368cab4eacc36bf24b74f5b) Importer(815301076,1909f56bfc062723c751e8b465ee728b)  -> (artifact id: 'f1de9fd51f5b1d46ccd10e3edf189780') in 0.007182 seconds
  Import took 0.010843 seconds .

========================================================================
Received Prepare
Registering precompiled user dll's ...
Registered in 0.004933 seconds.
Begin MonoManager ReloadAssembly
Native extension for WindowsStandalone target not found
Native extension for WebGL target not found
Refreshing native plugins compatible for Editor in 0.26 ms, found 0 plugins.
Preloading 0 native plugins for Editor in 0.00 ms.
Invoked RoslynAnalysisRunner static constructor.
RoslynAnalysisRunner will not be running.
RoslynAnalysisRunner has terminated.
Mono: successfully reloaded assembly
- Completed reload, in  0.875 seconds
Platform modules already initialized, skipping
Refreshing native plugins compatible for Editor in 0.17 ms, found 0 plugins.
Preloading 0 native plugins for Editor in 0.00 ms.
Unloading 921 Unused Serialized files (Serialized files now loaded: 0)
System memory in use before: 59.1 MB.
System memory in use after: 59.2 MB.

Unloading 6 unused Assets to reduce memory usage. Loaded Objects now: 1408.
Total: 3.612900 ms (FindLiveObjects: 0.390400 ms CreateObjectMapping: 0.102700 ms MarkObjects: 3.034000 ms  DeleteObjects: 0.083200 ms)

========================================================================
Received Prepare
Registering precompiled user dll's ...
Registered in 0.001804 seconds.
Begin MonoManager ReloadAssembly
Native extension for WindowsStandalone target not found
Native extension for WebGL target not found
Refreshing native plugins compatible for Editor in 0.43 ms, found 0 plugins.
Preloading 0 native plugins for Editor in 0.00 ms.
Invoked RoslynAnalysisRunner static constructor.
RoslynAnalysisRunner will not be running.
RoslynAnalysisRunner has terminated.
Mono: successfully reloaded assembly
- Completed reload, in  0.916 seconds
Platform modules already initialized, skipping
Refreshing native plugins compatible for Editor in 0.17 ms, found 0 plugins.
Preloading 0 native plugins for Editor in 0.00 ms.
Unloading 921 Unused Serialized files (Serialized files now loaded: 0)
System memory in use before: 59.2 MB.
System memory in use after: 59.3 MB.

Unloading 6 unused Assets to reduce memory usage. Loaded Objects now: 1410.
Total: 1.950500 ms (FindLiveObjects: 0.441500 ms CreateObjectMapping: 0.044100 ms MarkObjects: 1.409700 ms  DeleteObjects: 0.054200 ms)

========================================================================
Received Prepare
Registering precompiled user dll's ...
Registered in 0.000703 seconds.
Begin MonoManager ReloadAssembly
Native extension for WindowsStandalone target not found
Native extension for WebGL target not found
Refreshing native plugins compatible for Editor in 0.23 ms, found 0 plugins.
Preloading 0 native plugins for Editor in 0.00 ms.
Invoked RoslynAnalysisRunner static constructor.
RoslynAnalysisRunner will not be running.
RoslynAnalysisRunner has terminated.
Mono: successfully reloaded assembly
- Completed reload, in  0.872 seconds
Platform modules already initialized, skipping
Refreshing native plugins compatible for Editor in 0.36 ms, found 0 plugins.
Preloading 0 native plugins for Editor in 0.00 ms.
Unloading 921 Unused Serialized files (Serialized files now loaded: 0)
System memory in use before: 59.3 MB.
System memory in use after: 59.3 MB.

Unloading 6 unused Assets to reduce memory usage. Loaded Objects now: 1412.
Total: 3.262400 ms (FindLiveObjects: 0.165900 ms CreateObjectMapping: 0.037500 ms MarkObjects: 2.956100 ms  DeleteObjects: 0.101500 ms)

AssetImportWorkerClient::OnTransportError - code=2 error=End of file
