Using pre-set license
Built from '2020.2/release' branch; Version is '2020.2.1f1 (270dd8c3da1c) revision 2559448'; Using compiler version '192528614'; Build Type 'Release'
OS: 'Windows 10  (10.0.0) 64bit' Language: 'en' Physical Memory: 8134 MB
BatchMode: 1, IsHumanControllingUs: 0, StartBugReporterOnCrash: 0, Is64bit: 1, IsPro: 0

 COMMAND LINE ARGUMENTS:
C:\Program Files\Unity\Editor\Unity.exe
-adb2
-batchMode
-noUpm
-name
AssetImportWorker0
-projectPath
C:/Users/NURBAKI/Unity Projects/LocalizationAsset/Localization Asset
-logFile
Logs/AssetImportWorker0.log
-srvPort
54127
Successfully changed project path to: C:/Users/NURBAKI/Unity Projects/LocalizationAsset/Localization Asset
C:/Users/NURBAKI/Unity Projects/LocalizationAsset/Localization Asset
Using Asset Import Pipeline V2.
Refreshing native plugins compatible for Editor in 42.47 ms, found 1 plugins.
Preloading 0 native plugins for Editor in 0.00 ms.
Initialize engine version: 2020.2.1f1 (270dd8c3da1c)
[Subsystems] Discovering subsystems at path C:/Program Files/Unity/Editor/Data/Resources/UnitySubsystems
[Subsystems] Discovering subsystems at path C:/Users/NURBAKI/Unity Projects/LocalizationAsset/Localization Asset/Assets
GfxDevice: creating device client; threaded=0
Direct3D:
    Version:  Direct3D 11.0 [level 11.1]
    Renderer: NVIDIA GeForce GTX 960 (ID=0x1401)
    Vendor:   
    VRAM:     2007 MB
    Driver:   26.21.14.3200
Initialize mono
Mono path[0] = 'C:/Program Files/Unity/Editor/Data/Managed'
Mono path[1] = 'C:/Program Files/Unity/Editor/Data/MonoBleedingEdge/lib/mono/unityjit'
Mono config path = 'C:/Program Files/Unity/Editor/Data/MonoBleedingEdge/etc'
Using monoOptions --debugger-agent=transport=dt_socket,embedding=1,server=y,suspend=n,address=127.0.0.1:56924
Begin MonoManager ReloadAssembly
Registering precompiled unity dll's ...
Register platform support module: C:/Program Files/Unity/Editor/Data/PlaybackEngines/WindowsStandaloneSupport/UnityEditor.WindowsStandalone.Extensions.dll
Registered in 0.003459 seconds.
Native extension for WindowsStandalone target not found
Refreshing native plugins compatible for Editor in 37.66 ms, found 1 plugins.
Preloading 0 native plugins for Editor in 0.00 ms.
Invoked RoslynAnalysisRunner static constructor.
RoslynAnalysisRunner will not be running.
RoslynAnalysisRunner has terminated.
Mono: successfully reloaded assembly
- Completed reload, in  1.761 seconds
Platform modules already initialized, skipping
Registering precompiled user dll's ...
Registered in 0.001698 seconds.
Begin MonoManager ReloadAssembly
Native extension for WindowsStandalone target not found
Refreshing native plugins compatible for Editor in 38.88 ms, found 1 plugins.
Preloading 0 native plugins for Editor in 0.00 ms.
Invoked RoslynAnalysisRunner static constructor.
RoslynAnalysisRunner will not be running.
RoslynAnalysisRunner has terminated.
Mono: successfully reloaded assembly
- Completed reload, in  1.149 seconds
Platform modules already initialized, skipping
========================================================================
Worker process is ready to serve import requests
Launched and connected shader compiler UnityShaderCompiler.exe after 0.07 seconds
Refreshing native plugins compatible for Editor in 0.36 ms, found 1 plugins.
Preloading 0 native plugins for Editor in 0.00 ms.
Unloading 1787 Unused Serialized files (Serialized files now loaded: 0)
System memory in use before: 83.6 MB.
System memory in use after: 83.6 MB.

Unloading 24 unused Assets to reduce memory usage. Loaded Objects now: 2226.
Total: 2.493100 ms (FindLiveObjects: 0.226600 ms CreateObjectMapping: 0.148000 ms MarkObjects: 1.979300 ms  DeleteObjects: 0.137700 ms)

========================================================================
Received Import Request.
  path: Assets/Scripts
  artifactKey: Guid(2ccfd3839a847624ea6fb54ecda369ad) Importer(815301076,1909f56bfc062723c751e8b465ee728b)
Start importing Assets/Scripts using Guid(2ccfd3839a847624ea6fb54ecda369ad) Importer(815301076,1909f56bfc062723c751e8b465ee728b)  -> (artifact id: '803064919c6b4a87837bd9cb42c6c07c') in 0.007395 seconds
  Import took 0.011294 seconds .

========================================================================
Received Import Request.
  Time since last request: 136.235059 seconds.
  path: Assets/Scripts/Managers/LocalizationManager.cs
  artifactKey: Guid(448c615cb06fa8c499c4b22c5f073637) Importer(815301076,1909f56bfc062723c751e8b465ee728b)
Start importing Assets/Scripts/Managers/LocalizationManager.cs using Guid(448c615cb06fa8c499c4b22c5f073637) Importer(815301076,1909f56bfc062723c751e8b465ee728b)  -> (artifact id: '52b255cc90067a08287039b5dd4f8017') in 0.051178 seconds
  Import took 0.056224 seconds .

========================================================================
Received Import Request.
  Time since last request: 59.662754 seconds.
  path: Assets/Scripts/Managers/GameManager.cs
  artifactKey: Guid(f4a1f5af8d25c0147be44abc1d299c64) Importer(815301076,1909f56bfc062723c751e8b465ee728b)
Start importing Assets/Scripts/Managers/GameManager.cs using Guid(f4a1f5af8d25c0147be44abc1d299c64) Importer(815301076,1909f56bfc062723c751e8b465ee728b)  -> (artifact id: '510fc92075110584427e5f55780b65d9') in 0.010971 seconds
  Import took 0.019623 seconds .

========================================================================
Received Import Request.
  Time since last request: 65.274818 seconds.
  path: Assets/Scripts/Managers/GameManager.cs
  artifactKey: Guid(f4a1f5af8d25c0147be44abc1d299c64) Importer(815301076,1909f56bfc062723c751e8b465ee728b)
Start importing Assets/Scripts/Managers/GameManager.cs using Guid(f4a1f5af8d25c0147be44abc1d299c64) Importer(815301076,1909f56bfc062723c751e8b465ee728b)  -> (artifact id: '6bddb84db9e733a9ae591e8a6fcce1fa') in 0.008147 seconds
  Import took 0.015034 seconds .

========================================================================
Received Import Request.
  Time since last request: 0.003952 seconds.
  path: Assets/Scripts/Managers/GameManager.cs
  artifactKey: Guid(f4a1f5af8d25c0147be44abc1d299c64) Importer(815301076,1909f56bfc062723c751e8b465ee728b)
Start importing Assets/Scripts/Managers/GameManager.cs using Guid(f4a1f5af8d25c0147be44abc1d299c64) Importer(815301076,1909f56bfc062723c751e8b465ee728b)  -> (artifact id: '6bddb84db9e733a9ae591e8a6fcce1fa') in 0.005664 seconds
  Import took 0.012131 seconds .

========================================================================
Received Import Request.
  Time since last request: 66.904275 seconds.
  path: Assets/Scripts/Managers/GameManager.cs
  artifactKey: Guid(f4a1f5af8d25c0147be44abc1d299c64) Importer(815301076,1909f56bfc062723c751e8b465ee728b)
Start importing Assets/Scripts/Managers/GameManager.cs using Guid(f4a1f5af8d25c0147be44abc1d299c64) Importer(815301076,1909f56bfc062723c751e8b465ee728b)  -> (artifact id: '49968074e0addc4560a27cca276c9fb5') in 0.005768 seconds
  Import took 0.010526 seconds .

========================================================================
Received Import Request.
  Time since last request: 1120.195496 seconds.
  path: Assets/Scripts/Exceptions
  artifactKey: Guid(877cb470b602ba542b34ff093e956de7) Importer(815301076,1909f56bfc062723c751e8b465ee728b)
Start importing Assets/Scripts/Exceptions using Guid(877cb470b602ba542b34ff093e956de7) Importer(815301076,1909f56bfc062723c751e8b465ee728b)  -> (artifact id: '5e468b9f20ee3557201716acdef34b55') in 0.013477 seconds
  Import took 0.019748 seconds .

========================================================================
Received Import Request.
  Time since last request: 1.062979 seconds.
  path: Assets/Scripts/Exceptions/LocalizationExceptions.cs
  artifactKey: Guid(9a936e70dade084479978ec5b49c39d9) Importer(815301076,1909f56bfc062723c751e8b465ee728b)
Start importing Assets/Scripts/Exceptions/LocalizationExceptions.cs using Guid(9a936e70dade084479978ec5b49c39d9) Importer(815301076,1909f56bfc062723c751e8b465ee728b)  -> (artifact id: '7c572abb257374413c57057e2ff953e5') in 0.005777 seconds
  Import took 0.009674 seconds .

========================================================================
Received Import Request.
  Time since last request: 10.145724 seconds.
  path: Assets/Scripts/Exceptions/Exceptions.cs
  artifactKey: Guid(9a936e70dade084479978ec5b49c39d9) Importer(815301076,1909f56bfc062723c751e8b465ee728b)
Start importing Assets/Scripts/Exceptions/Exceptions.cs using Guid(9a936e70dade084479978ec5b49c39d9) Importer(815301076,1909f56bfc062723c751e8b465ee728b)  -> (artifact id: 'a237bdf5761be99b2506a7f19cfff50d') in 0.010634 seconds
  Import took 0.015466 seconds .

========================================================================
Received Import Request.
  Time since last request: 112.995116 seconds.
  path: Assets/Scripts/Exceptions/Exceptions.cs
  artifactKey: Guid(9a936e70dade084479978ec5b49c39d9) Importer(815301076,1909f56bfc062723c751e8b465ee728b)
Start importing Assets/Scripts/Exceptions/Exceptions.cs using Guid(9a936e70dade084479978ec5b49c39d9) Importer(815301076,1909f56bfc062723c751e8b465ee728b)  -> (artifact id: 'ca3092d78abb45142154a41bff196c47') in 0.004787 seconds
  Import took 0.011086 seconds .

========================================================================
Received Prepare
Registering precompiled user dll's ...
Registered in 0.001554 seconds.
Begin MonoManager ReloadAssembly
Native extension for WindowsStandalone target not found
Refreshing native plugins compatible for Editor in 0.40 ms, found 1 plugins.
Preloading 0 native plugins for Editor in 0.00 ms.
Invoked RoslynAnalysisRunner static constructor.
RoslynAnalysisRunner will not be running.
RoslynAnalysisRunner has terminated.
Mono: successfully reloaded assembly
- Completed reload, in  1.077 seconds
Platform modules already initialized, skipping
Refreshing native plugins compatible for Editor in 0.38 ms, found 1 plugins.
Preloading 0 native plugins for Editor in 0.00 ms.
Unloading 1794 Unused Serialized files (Serialized files now loaded: 0)
System memory in use before: 84.0 MB.
System memory in use after: 84.0 MB.

Unloading 12 unused Assets to reduce memory usage. Loaded Objects now: 2241.
Total: 3.352400 ms (FindLiveObjects: 0.402800 ms CreateObjectMapping: 0.104500 ms MarkObjects: 2.729800 ms  DeleteObjects: 0.113600 ms)

========================================================================
Received Prepare
Registering precompiled user dll's ...
Registered in 0.001784 seconds.
Begin MonoManager ReloadAssembly
Native extension for WindowsStandalone target not found
Refreshing native plugins compatible for Editor in 0.38 ms, found 1 plugins.
Preloading 0 native plugins for Editor in 0.00 ms.
Invoked RoslynAnalysisRunner static constructor.
RoslynAnalysisRunner will not be running.
RoslynAnalysisRunner has terminated.
Mono: successfully reloaded assembly
- Completed reload, in  1.315 seconds
Platform modules already initialized, skipping
Refreshing native plugins compatible for Editor in 0.36 ms, found 1 plugins.
Preloading 0 native plugins for Editor in 0.00 ms.
Unloading 1794 Unused Serialized files (Serialized files now loaded: 0)
System memory in use before: 84.1 MB.
System memory in use after: 84.1 MB.

Unloading 12 unused Assets to reduce memory usage. Loaded Objects now: 2244.
Total: 2.200700 ms (FindLiveObjects: 0.197000 ms CreateObjectMapping: 0.076900 ms MarkObjects: 1.796600 ms  DeleteObjects: 0.128800 ms)

========================================================================
Received Import Request.
  Time since last request: 152.192147 seconds.
  path: Assets/Scripts/Exceptions/Exceptions.cs
  artifactKey: Guid(9a936e70dade084479978ec5b49c39d9) Importer(815301076,1909f56bfc062723c751e8b465ee728b)
Start importing Assets/Scripts/Exceptions/Exceptions.cs using Guid(9a936e70dade084479978ec5b49c39d9) Importer(815301076,1909f56bfc062723c751e8b465ee728b)  -> (artifact id: 'be64b69ef68b64aa1830c612917098ca') in 0.006772 seconds
  Import took 0.010128 seconds .

========================================================================
Received Prepare
Registering precompiled user dll's ...
Registered in 0.002273 seconds.
Begin MonoManager ReloadAssembly
Native extension for WindowsStandalone target not found
Refreshing native plugins compatible for Editor in 0.47 ms, found 1 plugins.
Preloading 0 native plugins for Editor in 0.00 ms.
Invoked RoslynAnalysisRunner static constructor.
RoslynAnalysisRunner will not be running.
RoslynAnalysisRunner has terminated.
Mono: successfully reloaded assembly
- Completed reload, in  1.127 seconds
Platform modules already initialized, skipping
Refreshing native plugins compatible for Editor in 0.38 ms, found 1 plugins.
Preloading 0 native plugins for Editor in 0.00 ms.
Unloading 1794 Unused Serialized files (Serialized files now loaded: 0)
System memory in use before: 84.1 MB.
System memory in use after: 84.1 MB.

Unloading 12 unused Assets to reduce memory usage. Loaded Objects now: 2247.
Total: 2.719700 ms (FindLiveObjects: 0.309000 ms CreateObjectMapping: 0.167300 ms MarkObjects: 2.114300 ms  DeleteObjects: 0.127900 ms)

========================================================================
Received Prepare
Registering precompiled user dll's ...
Registered in 0.003061 seconds.
Begin MonoManager ReloadAssembly
Native extension for WindowsStandalone target not found
Refreshing native plugins compatible for Editor in 0.37 ms, found 1 plugins.
Preloading 0 native plugins for Editor in 0.00 ms.
Invoked RoslynAnalysisRunner static constructor.
RoslynAnalysisRunner will not be running.
RoslynAnalysisRunner has terminated.
Mono: successfully reloaded assembly
- Completed reload, in  1.191 seconds
Platform modules already initialized, skipping
Refreshing native plugins compatible for Editor in 0.42 ms, found 1 plugins.
Preloading 0 native plugins for Editor in 0.00 ms.
Unloading 1794 Unused Serialized files (Serialized files now loaded: 0)
System memory in use before: 84.2 MB.
System memory in use after: 84.2 MB.

Unloading 12 unused Assets to reduce memory usage. Loaded Objects now: 2250.
Total: 2.139900 ms (FindLiveObjects: 0.219800 ms CreateObjectMapping: 0.079700 ms MarkObjects: 1.700800 ms  DeleteObjects: 0.138500 ms)

========================================================================
Received Prepare
Registering precompiled user dll's ...
Registered in 0.004359 seconds.
Begin MonoManager ReloadAssembly
Native extension for WindowsStandalone target not found
Refreshing native plugins compatible for Editor in 0.46 ms, found 1 plugins.
Preloading 0 native plugins for Editor in 0.00 ms.
Invoked RoslynAnalysisRunner static constructor.
RoslynAnalysisRunner will not be running.
RoslynAnalysisRunner has terminated.
Mono: successfully reloaded assembly
- Completed reload, in  1.157 seconds
Platform modules already initialized, skipping
Refreshing native plugins compatible for Editor in 0.41 ms, found 1 plugins.
Preloading 0 native plugins for Editor in 0.00 ms.
Unloading 1794 Unused Serialized files (Serialized files now loaded: 0)
System memory in use before: 84.3 MB.
System memory in use after: 84.3 MB.

Unloading 12 unused Assets to reduce memory usage. Loaded Objects now: 2253.
Total: 2.334200 ms (FindLiveObjects: 0.202800 ms CreateObjectMapping: 0.077800 ms MarkObjects: 1.900500 ms  DeleteObjects: 0.112300 ms)

AssetImportWorkerClient::OnTransportError - code=2 error=End of file
